<?xml version="1.0" encoding="UTF-8"?>
<!-- Generated by org.testng.reporters.JUnitReportReporter -->
<testsuite hostname="DESKTOP-BMODNOR" failures="0" tests="1" name="pipeline.p1" time="6.954" errors="0" timestamp="2023-09-07T11:36:12 IST" skipped="0">
  <testcase classname="pipeline.p1" name="test1" time="6.954"/>
</testsuite> <!-- pipeline.p1 -->
