<?xml version="1.0" encoding="UTF-8"?>
<!-- Generated by org.testng.reporters.JUnitReportReporter -->
<testsuite hostname="DESKTOP-BMODNOR" failures="0" tests="1" name="pipeline.p1" time="10.823" errors="0" timestamp="2023-09-07T12:34:35 IST" skipped="0">
  <testcase classname="pipeline.p1" name="test1" time="10.823"/>
</testsuite> <!-- pipeline.p1 -->
