<?xml version="1.0" encoding="UTF-8"?>
<!-- Generated by org.testng.reporters.JUnitReportReporter -->
<testsuite hostname="DESKTOP-BMODNOR" failures="0" tests="1" name="pipeline.p1" time="17.366" errors="0" timestamp="2023-09-14T10:54:53 IST" skipped="0">
  <testcase classname="pipeline.p1" name="test1" time="17.366"/>
</testsuite> <!-- pipeline.p1 -->
