<?xml version="1.0" encoding="UTF-8"?>
<!-- Generated by org.testng.reporters.JUnitReportReporter -->
<testsuite hostname="DESKTOP-BMODNOR" failures="0" tests="1" name="pipeline.p1" time="9.377" errors="0" timestamp="2023-09-14T09:46:09 IST" skipped="0">
  <testcase classname="pipeline.p1" name="test1" time="9.377"/>
</testsuite> <!-- pipeline.p1 -->
